<?xml version="1.0" encoding="UTF-8"?>
<testsuite xmlns:xsi="http://www.w3.org/2001/XMLSchema-instance" xsi:noNamespaceSchemaLocation="https://maven.apache.org/surefire/maven-surefire-plugin/xsd/surefire-test-report.xsd" version="3.0.2" name="com.BSSE1401.SoftwareDesignAndAnalysis.assignment1.Assignment1ApplicationTests" time="9.154" tests="1" errors="0" skipped="0" failures="0">
  <properties>
[...]
</properties>
  <testcase name="contextLoads" classname="com.BSSE1401.SoftwareDesignAndAnalysis.assignment1.Assignment1ApplicationTests" time="2.153">
    <system-out><![CDATA[23:15:40.694 [main] INFO org.springframework.test.context.support.AnnotationConfigContextLoaderUtils -- Could not detect default configuration classes for test class [com.BSSE1401.SoftwareDesignAndAnalysis.assignment1.Assignment1ApplicationTests]: Assignment1ApplicationTests does not declare any static, non-private, non-final, nested classes annotated with @Configuration.
23:15:41.009 [main] INFO org.springframework.boot.test.context.SpringBootTestContextBootstrapper -- Found @SpringBootConfiguration com.BSSE1401.SoftwareDesignAndAnalysis.assignment1.Assignment1Application for test class com.BSSE1401.SoftwareDesignAndAnalysis.assignment1.Assignment1ApplicationTests

  .   ____          _            __ _ _
 /\\ / ___'_ __ _ _(_)_ __  __ _ \ \ \ \
( ( )\___ | '_ | '_| | '_ \/ _` | \ \ \ \
 \\/  ___)| |_)| | | | | || (_| |  ) ) ) )
  '  |____| .__|_| |_|_| |_\__, | / / / /
 =========|_|==============|___/=/_/_/_/

 :: Spring Boot ::                (v3.4.4)

2025-04-14T23:15:42.643+06:00  INFO 12516 --- [assignment1] [           main] c.B.S.a.Assignment1ApplicationTests      : Starting Assignment1ApplicationTests using Java 17.0.6 with PID 12516 (started by Hp in E:\Downloads\assignment1\assignment1)
2025-04-14T23:15:42.648+06:00  INFO 12516 --- [assignment1] [           main] c.B.S.a.Assignment1ApplicationTests      : No active profile set, falling back to 1 default profile: "default"
2025-04-14T23:15:46.019+06:00  INFO 12516 --- [assignment1] [           main] o.s.b.a.w.s.WelcomePageHandlerMapping    : Adding welcome page template: index
2025-04-14T23:15:47.297+06:00  INFO 12516 --- [assignment1] [           main] c.B.S.a.Assignment1ApplicationTests      : Started Assignment1ApplicationTests in 5.67 seconds (process running for 8.207)
]]></system-out>
  </testcase>
</testsuite>